#
# A fatal error has been detected by the Java Runtime Environment:
#
#  EXCEPTION_ACCESS_VIOLATION (0xc0000005) at pc=0x00007fffdb3de878, pid=13080, tid=23240
#
# JRE version: OpenJDK Runtime Environment (15.0.1+9) (build 15.0.1+9-18)
# Java VM: OpenJDK 64-Bit Server VM (15.0.1+9-18, mixed mode, tiered, compressed oops, g1 gc, windows-amd64)
# Problematic frame:
# V  [jvm.dll+0x20e878]
#
# No core dump will be written. Minidumps are not enabled by default on client versions of Windows
#
# If you would like to submit a bug report, please visit:
#   https://bugreport.java.com/bugreport/crash.jsp
#

---------------  S U M M A R Y ------------

Command Line: -XX:+ShowCodeDetailsInExceptionMessages -agentlib:jdwp=transport=dt_socket,suspend=y,address=localhost:50450 -ea -javaagent:D:\spring-tool-suite\sts-4.9.0.RELEASE\configuration\org.eclipse.osgi\252\0\.cp\lib\javaagent-shaded.jar -Dfile.encoding=UTF-8 org.eclipse.jdt.internal.junit.runner.RemoteTestRunner -version 3 -port 50449 -testLoaderClass org.eclipse.jdt.internal.junit5.runner.JUnit5TestLoader -loaderpluginname org.eclipse.jdt.junit5.runtime -classNames itc.hoseo.springproject.NaverMapParser

Host: Intel(R) Core(TM) i7-7700 CPU @ 3.60GHz, 8 cores, 15G,  Windows 10 , 64 bit Build 19041 (10.0.19041.928)
Time: Sat Jun  5 12:40:29 2021 대한민국 표준시 elapsed time: 82.354702 seconds (0d 0h 1m 22s)

---------------  T H R E A D  ---------------

Current thread (0x000001d256534300):  JavaThread "JDWP Transport Listener: dt_socket" daemon [_thread_in_vm, id=23240, stack(0x000000c0ee600000,0x000000c0ee700000)] _threads_hazard_ptr=0x000001d25a558de0

Stack: [0x000000c0ee600000,0x000000c0ee700000],  sp=0x000000c0ee6fe2a8,  free space=1016k
Native frames: (J=compiled Java code, j=interpreted, Vv=VM code, C=native code)
V  [jvm.dll+0x20e878]


siginfo: EXCEPTION_ACCESS_VIOLATION (0xc0000005), reading address 0x000001d258635120


Register to memory mapping:

RIP=0x00007fffdb3de878 jvm.dll
RAX=0x00000000001941a0 is an unknown value
RBX=0x000001d2572feef8 is pointing into metadata
RCX=0x000001d2584a0f80 is pointing into metadata
RDX=0x000000000000ca0c is an unknown value
RSP=0x000000c0ee6fe2a8 is pointing into the stack for thread: 0x000001d256534300
RBP=0x000000c0ee6fe3e0 is pointing into the stack for thread: 0x000001d256534300
RSI=0x0 is NULL
RDI=0x000000c0ee6fe9f0 is pointing into the stack for thread: 0x000001d256534300
R8 =0x0 is NULL
R9 =0x000001d2572feef8 is pointing into metadata
R10=0x000000c0ee6fe9f0 is pointing into the stack for thread: 0x000001d256534300
R11={method} {0x000001d2572ff998} 'test' '()V' in 'itc/hoseo/springproject/NaverMapParser'
R12=0x00007fffdb1d0000 jvm.dll
R13=0x000001d25a2b3990 points into unknown readable memory: 0x0000000000000000 | 00 00 00 00 00 00 00 00
R14=0x000001d2572ff901 is pointing into metadata
R15=0x00000000000000c2 is an unknown value


Registers:
RAX=0x00000000001941a0, RBX=0x000001d2572feef8, RCX=0x000001d2584a0f80, RDX=0x000000000000ca0c
RSP=0x000000c0ee6fe2a8, RBP=0x000000c0ee6fe3e0, RSI=0x0000000000000000, RDI=0x000000c0ee6fe9f0
R8 =0x0000000000000000, R9 =0x000001d2572feef8, R10=0x000000c0ee6fe9f0, R11=0x000001d2572ff990
R12=0x00007fffdb1d0000, R13=0x000001d25a2b3990, R14=0x000001d2572ff901, R15=0x00000000000000c2
RIP=0x00007fffdb3de878, EFLAGS=0x0000000000010206

Top of Stack: (sp=0x000000c0ee6fe2a8)
0x000000c0ee6fe2a8:   00007fffdb3de8fe 0000000000000001
0x000000c0ee6fe2b8:   0000000000000000 000001d2558ce580
0x000000c0ee6fe2c8:   0000000000000000 000000c0ee6fe860
0x000000c0ee6fe2d8:   00007fffdb4d0134 0000000000000000
0x000000c0ee6fe2e8:   0000000000000000 0000001500000014
0x000000c0ee6fe2f8:   0000000000000015 000000030000000e
0x000000c0ee6fe308:   00007fffdb878178 000001d2558d47b0
0x000000c0ee6fe318:   000000000000000c 0000000000000000
0x000000c0ee6fe328:   000000c0ee6fe380 000000c000000001
0x000000c0ee6fe338:   000001d2558d47b0 0000001400000002
0x000000c0ee6fe348:   0000000000000014 000000030000000c
0x000000c0ee6fe358:   000001d2558ce580 0000000000000000
0x000000c0ee6fe368:   00000000460000a6 0000000000000001
0x000000c0ee6fe378:   0000000000000000 4fffffff4fffffff
0x000000c0ee6fe388:   4fffffff4fffffff 000000004fffffff
0x000000c0ee6fe398:   0000000000000000 000000c0ee6fe9f0 

Instructions: (pc=0x00007fffdb3de878)
0x00007fffdb3de778:   03 03 03 03 03 03 03 03 03 03 03 03 03 03 03 03
0x00007fffdb3de788:   03 03 03 03 03 03 03 03 03 03 03 03 03 03 03 03
0x00007fffdb3de798:   03 03 03 03 03 03 03 03 03 03 03 03 03 03 03 03
0x00007fffdb3de7a8:   03 03 03 03 03 03 03 03 03 03 03 03 03 03 03 03
0x00007fffdb3de7b8:   03 03 03 02 03 03 02 cc 48 89 5c 24 08 48 89 74
0x00007fffdb3de7c8:   24 10 57 48 83 ec 20 48 63 da 41 0f b6 f0 48 8b
0x00007fffdb3de7d8:   f9 85 d2 79 24 4c 8d 0d 9c 97 66 00 ba af 02 00
0x00007fffdb3de7e8:   00 4c 8d 05 c8 97 66 00 48 8d 0d 41 97 66 00 e8
0x00007fffdb3de7f8:   54 79 00 00 e8 3f c1 41 00 40 84 f6 75 18 48 8b
0x00007fffdb3de808:   4f 10 48 85 c9 74 0f 48 8d 43 01 48 c1 e0 05 48
0x00007fffdb3de818:   8b 04 08 0f b7 d8 48 8b 74 24 38 48 63 c3 48 8b
0x00007fffdb3de828:   5c 24 30 0f b7 44 c7 48 48 83 c4 20 5f c3 cc cc
0x00007fffdb3de838:   cc cc cc cc cc cc cc cc 4c 8b c9 45 84 c0 75 41
0x00007fffdb3de848:   48 8b 49 10 48 85 c9 74 38 85 d2 79 19 f7 d2 8b
0x00007fffdb3de858:   c2 48 ff c0 48 c1 e0 05 48 8b 04 08 0f b7 c8 41
0x00007fffdb3de868:   0f b7 44 c9 4a c3 48 63 c2 48 ff c0 48 c1 e0 05
0x00007fffdb3de878:   48 8b 04 08 0f b7 d0 48 63 c2 41 0f b7 44 c1 4a
0x00007fffdb3de888:   c3 49 8b 41 08 4c 63 c2 42 0f b6 44 00 04 8d 48
0x00007fffdb3de898:   ef 80 f9 01 76 0e 3c 6a 74 0a 48 63 c2 41 0f b7
0x00007fffdb3de8a8:   44 c1 4a c3 43 0f b7 44 c1 4a c3 cc cc cc cc cc
0x00007fffdb3de8b8:   cc cc cc cc cc cc cc cc 40 53 48 83 ec 20 48 8b
0x00007fffdb3de8c8:   d9 e8 72 ff ff ff 48 63 d0 0f b7 44 d3 48 48 8b
0x00007fffdb3de8d8:   44 c3 48 48 83 c4 20 5b c3 cc cc cc cc cc cc cc
0x00007fffdb3de8e8:   cc cc cc cc cc cc cc cc 40 53 48 83 ec 20 48 8b
0x00007fffdb3de8f8:   d9 e8 42 ff ff ff 48 63 d0 0f b7 44 d3 4a 48 8b
0x00007fffdb3de908:   44 c3 48 48 83 c4 20 5b c3 cc cc cc cc cc cc cc
0x00007fffdb3de918:   cc cc cc cc cc cc cc cc 4c 8b d1 45 84 c9 75 28
0x00007fffdb3de928:   4c 8b 49 10 4d 85 c9 74 1f 45 85 c0 79 08 41 f7
0x00007fffdb3de938:   d0 41 8b c0 eb 03 49 63 c0 48 ff c0 48 c1 e0 05
0x00007fffdb3de948:   4a 8b 04 08 44 0f b7 c0 49 8b 42 08 49 63 c8 0f
0x00007fffdb3de958:   b6 4c 08 04 48 8b c2 88 0a c3 cc cc cc cc cc cc
0x00007fffdb3de968:   cc cc cc cc cc cc cc cc 40 56 57 41 54 41 56 41 


Stack slot to memory mapping:
stack at sp + 0 slots: 0x00007fffdb3de8fe jvm.dll
stack at sp + 1 slots: 0x0000000000000001 is an unknown value
stack at sp + 2 slots: 0x0 is NULL
stack at sp + 3 slots: 0x000001d2558ce580 points into unknown readable memory: 0x616a00106e30ffff | ff ff 30 6e 10 00 6a 61
stack at sp + 4 slots: 0x0 is NULL
stack at sp + 5 slots: 0x000000c0ee6fe860 is pointing into the stack for thread: 0x000001d256534300
stack at sp + 6 slots: 0x00007fffdb4d0134 jvm.dll
stack at sp + 7 slots: 0x0 is NULL


---------------  P R O C E S S  ---------------

Threads class SMR info:
_java_thread_list=0x000001d25a558de0, length=15, elements={
0x000001d236ac5350, 0x000001d256248140, 0x000001d256248c20, 0x000001d256257b40,
0x000001d256258400, 0x000001d256258cc0, 0x000001d256259580, 0x000001d25625be90,
0x000001d2562a0cd0, 0x000001d2563804c0, 0x000001d256534300, 0x000001d25657ffb0,
0x000001d2565146e0, 0x000001d25680d460, 0x000001d256acbc30
}

Java Threads: ( => current thread )
  0x000001d236ac5350 JavaThread "main" [_thread_blocked, id=21964, stack(0x000000c0ed600000,0x000000c0ed700000)]
  0x000001d256248140 JavaThread "Reference Handler" daemon [_thread_blocked, id=22724, stack(0x000000c0edd00000,0x000000c0ede00000)]
  0x000001d256248c20 JavaThread "Finalizer" daemon [_thread_blocked, id=24480, stack(0x000000c0ede00000,0x000000c0edf00000)]
  0x000001d256257b40 JavaThread "Signal Dispatcher" daemon [_thread_blocked, id=22652, stack(0x000000c0edf00000,0x000000c0ee000000)]
  0x000001d256258400 JavaThread "Attach Listener" daemon [_thread_blocked, id=24060, stack(0x000000c0ee000000,0x000000c0ee100000)]
  0x000001d256258cc0 JavaThread "Service Thread" daemon [_thread_blocked, id=14280, stack(0x000000c0ee100000,0x000000c0ee200000)]
  0x000001d256259580 JavaThread "C2 CompilerThread0" daemon [_thread_blocked, id=21632, stack(0x000000c0ee200000,0x000000c0ee300000)]
  0x000001d25625be90 JavaThread "C1 CompilerThread0" daemon [_thread_blocked, id=24012, stack(0x000000c0ee300000,0x000000c0ee400000)]
  0x000001d2562a0cd0 JavaThread "Sweeper thread" daemon [_thread_blocked, id=21512, stack(0x000000c0ee400000,0x000000c0ee500000)]
  0x000001d2563804c0 JavaThread "Common-Cleaner" daemon [_thread_blocked, id=17752, stack(0x000000c0ee500000,0x000000c0ee600000)]
=>0x000001d256534300 JavaThread "JDWP Transport Listener: dt_socket" daemon [_thread_in_vm, id=23240, stack(0x000000c0ee600000,0x000000c0ee700000)]
  0x000001d25657ffb0 JavaThread "JDWP Event Helper Thread" daemon [_thread_blocked, id=16096, stack(0x000000c0ee700000,0x000000c0ee800000)]
  0x000001d2565146e0 JavaThread "JDWP Command Reader" daemon [_thread_in_native, id=23880, stack(0x000000c0ee800000,0x000000c0ee900000)]
  0x000001d25680d460 JavaThread "Notification Thread" daemon [_thread_blocked, id=15472, stack(0x000000c0eea00000,0x000000c0eeb00000)]
  0x000001d256acbc30 JavaThread "ReaderThread" [_thread_in_native, id=23752, stack(0x000000c0eec00000,0x000000c0eed00000)]

Other Threads:
  0x000001d25620ff90 VMThread "VM Thread" [stack: 0x000000c0edc00000,0x000000c0edd00000] [id=24036]
  0x000001d236ac62d0 WatcherThread [stack: 0x000000c0eeb00000,0x000000c0eec00000] [id=23976]
  0x000001d236b179c0 GCTaskThread "GC Thread#0" [stack: 0x000000c0ed700000,0x000000c0ed800000] [id=21320]
  0x000001d256545560 GCTaskThread "GC Thread#1" [stack: 0x000000c0eed00000,0x000000c0eee00000] [id=17392]
  0x000001d256545890 GCTaskThread "GC Thread#2" [stack: 0x000000c0eee00000,0x000000c0eef00000] [id=23148]
  0x000001d256545bc0 GCTaskThread "GC Thread#3" [stack: 0x000000c0eef00000,0x000000c0ef000000] [id=2568]
  0x000001d256545ef0 GCTaskThread "GC Thread#4" [stack: 0x000000c0ef000000,0x000000c0ef100000] [id=22752]
  0x000001d256546220 GCTaskThread "GC Thread#5" [stack: 0x000000c0ef100000,0x000000c0ef200000] [id=7284]
  0x000001d236b2a0a0 ConcurrentGCThread "G1 Main Marker" [stack: 0x000000c0ed800000,0x000000c0ed900000] [id=21716]
  0x000001d236b2aba0 ConcurrentGCThread "G1 Conc#0" [stack: 0x000000c0ed900000,0x000000c0eda00000] [id=10444]
  0x000001d256543be0 ConcurrentGCThread "G1 Conc#1" [stack: 0x000000c0ef300000,0x000000c0ef400000] [id=16432]
  0x000001d236b83bd0 ConcurrentGCThread "G1 Refine#0" [stack: 0x000000c0eda00000,0x000000c0edb00000] [id=23036]
  0x000001d255842880 ConcurrentGCThread "G1 Young RemSet Sampling" [stack: 0x000000c0edb00000,0x000000c0edc00000] [id=21812]

Threads with active compile tasks:

VM state: not at safepoint (normal execution)

VM Mutex/Monitor currently owned by a thread: None

Heap address: 0x0000000701a00000, size: 4070 MB, Compressed Oops mode: Zero based, Oop shift amount: 3
CDS disabled.
Compressed class space mapped at: 0x0000000800000000-0x0000000840000000, size: 1073741824
Narrow klass base: 0x0000000800000000, Narrow klass shift: 0, Narrow klass range: 0x40000000

GC Precious Log:
 CPUs: 8 total, 8 available
 Memory: 16272M
 Large Page Support: Disabled
 NUMA Support: Disabled
 Compressed Oops: Enabled (Zero based)
 Heap Region Size: 2M
 Heap Min Capacity: 8M
 Heap Initial Capacity: 256M
 Heap Max Capacity: 4070M
 Pre-touch: Disabled
 Parallel Workers: 8
 Concurrent Workers: 2
 Concurrent Refinement Workers: 8
 Periodic GC: Disabled

Heap:
 garbage-first heap   total 40960K, used 22134K [0x0000000701a00000, 0x0000000800000000)
  region size 2048K, 9 young (18432K), 2 survivors (4096K)
 Metaspace       used 27777K, capacity 28060K, committed 28336K, reserved 1075200K
  class space    used 2830K, capacity 2946K, committed 3072K, reserved 1048576K

Heap Regions: E=young(eden), S=young(survivor), O=old, HS=humongous(starts), HC=humongous(continues), CS=collection set, F=free, OA=open archive, CA=closed archive, TAMS=top-at-mark-start (previous, next)
|   0|0x0000000701a00000, 0x0000000701c00000, 0x0000000701c00000|100%| O|  |TAMS 0x0000000701c00000, 0x0000000701a00000| Untracked 
|   1|0x0000000701c00000, 0x0000000701e00000, 0x0000000701e00000|100%| O|  |TAMS 0x0000000701e00000, 0x0000000701c00000| Untracked 
|   2|0x0000000701e00000, 0x0000000702000000, 0x0000000702000000|100%| O|  |TAMS 0x0000000702000000, 0x0000000701e00000| Untracked 
|   3|0x0000000702000000, 0x0000000702010600, 0x0000000702200000|  3%| O|  |TAMS 0x0000000702010600, 0x0000000702000000| Untracked 
|   4|0x0000000702200000, 0x0000000702200000, 0x0000000702400000|  0%| F|  |TAMS 0x0000000702200000, 0x0000000702200000| Untracked 
|   5|0x0000000702400000, 0x0000000702400000, 0x0000000702600000|  0%| F|  |TAMS 0x0000000702400000, 0x0000000702400000| Untracked 
|   6|0x0000000702600000, 0x000000070278d428, 0x0000000702800000| 77%| S|CS|TAMS 0x0000000702600000, 0x0000000702600000| Complete 
|   7|0x0000000702800000, 0x0000000702a00000, 0x0000000702a00000|100%| S|CS|TAMS 0x0000000702800000, 0x0000000702800000| Complete 
|   8|0x0000000702a00000, 0x0000000702a00000, 0x0000000702c00000|  0%| F|  |TAMS 0x0000000702a00000, 0x0000000702a00000| Untracked 
|   9|0x0000000702c00000, 0x0000000702c00000, 0x0000000702e00000|  0%| F|  |TAMS 0x0000000702c00000, 0x0000000702c00000| Untracked 
|  10|0x0000000702e00000, 0x0000000702e00000, 0x0000000703000000|  0%| F|  |TAMS 0x0000000702e00000, 0x0000000702e00000| Untracked 
|  11|0x0000000703000000, 0x0000000703000000, 0x0000000703200000|  0%| F|  |TAMS 0x0000000703000000, 0x0000000703000000| Untracked 
|  12|0x0000000703200000, 0x0000000703200000, 0x0000000703400000|  0%| F|  |TAMS 0x0000000703200000, 0x0000000703200000| Untracked 
|  13|0x0000000703400000, 0x0000000703502d58, 0x0000000703600000| 50%| E|  |TAMS 0x0000000703400000, 0x0000000703400000| Complete 
|  14|0x0000000703600000, 0x0000000703800000, 0x0000000703800000|100%| E|CS|TAMS 0x0000000703600000, 0x0000000703600000| Complete 
|  15|0x0000000703800000, 0x0000000703a00000, 0x0000000703a00000|100%| E|CS|TAMS 0x0000000703800000, 0x0000000703800000| Complete 
|  16|0x0000000703a00000, 0x0000000703c00000, 0x0000000703c00000|100%| E|CS|TAMS 0x0000000703a00000, 0x0000000703a00000| Complete 
|  17|0x0000000703c00000, 0x0000000703e00000, 0x0000000703e00000|100%| E|CS|TAMS 0x0000000703c00000, 0x0000000703c00000| Complete 
| 104|0x000000070ea00000, 0x000000070ec00000, 0x000000070ec00000|100%| E|CS|TAMS 0x000000070ea00000, 0x000000070ea00000| Complete 
| 127|0x0000000711800000, 0x0000000711a00000, 0x0000000711a00000|100%| E|CS|TAMS 0x0000000711800000, 0x0000000711800000| Complete 

Card table byte_map: [0x000001d24a000000,0x000001d24a800000] _byte_map_base: 0x000001d2467f3000

Marking Bits (Prev, Next): (CMBitMap*) 0x000001d236b18180, (CMBitMap*) 0x000001d236b18140
 Prev Bits: [0x000001d24efa0000, 0x000001d252f38000)
 Next Bits: [0x000001d24b000000, 0x000001d24ef98000)

Polling page: 0x000001d234a50000

Metaspace:

Usage:
  Non-class:     24.53 MB capacity,    24.36 MB (>99%) used,   137.12 KB ( <1%) free+waste,    30.44 KB ( <1%) overhead. 
      Class:      2.88 MB capacity,     2.76 MB ( 96%) used,   104.84 KB (  4%) free+waste,    10.25 KB ( <1%) overhead. 
       Both:     27.40 MB capacity,    27.13 MB ( 99%) used,   241.95 KB ( <1%) free+waste,    40.69 KB ( <1%) overhead. 

Virtual space:
  Non-class space:       26.00 MB reserved,      24.67 MB ( 95%) committed 
      Class space:        1.00 GB reserved,       3.00 MB ( <1%) committed 
             Both:        1.03 GB reserved,      27.67 MB (  3%) committed 

Chunk freelists:
   Non-Class:  22.00 KB
       Class:  30.00 KB
        Both:  52.00 KB

MaxMetaspaceSize: 17179869184.00 GB
CompressedClassSpaceSize: 1.00 GB

CodeHeap 'non-profiled nmethods': size=120000Kb used=1356Kb max_used=1356Kb free=118643Kb
 bounds [0x000001d241fa0000, 0x000001d242210000, 0x000001d2494d0000]
CodeHeap 'profiled nmethods': size=120000Kb used=4705Kb max_used=4705Kb free=115294Kb
 bounds [0x000001d23aa70000, 0x000001d23af10000, 0x000001d241fa0000]
CodeHeap 'non-nmethods': size=5760Kb used=1326Kb max_used=1424Kb free=4433Kb
 bounds [0x000001d23a4d0000, 0x000001d23a740000, 0x000001d23aa70000]
 total_blobs=2804 nmethods=2297 adapters=419
 compilation: enabled
              stopped_count=0, restarted_count=0
 full_count=0

Compilation events (20 events):
Event: 3.739 Thread 0x000001d2593becd0 2296       4       java.util.HashMap::putVal (300 bytes)
Event: 3.741 Thread 0x000001d258e69070 nmethod 2293 0x000001d2420eda10 code [0x000001d2420edbc0, 0x000001d2420ee148]
Event: 3.747 Thread 0x000001d25625be90 2297       1       java.util.concurrent.ConcurrentHashMap$MapEntry::getKey (5 bytes)
Event: 3.747 Thread 0x000001d25625be90 nmethod 2297 0x000001d2420ee510 code [0x000001d2420ee6a0, 0x000001d2420ee758]
Event: 3.747 Thread 0x000001d25625be90 2298       1       java.util.concurrent.ConcurrentHashMap$MapEntry::getValue (5 bytes)
Event: 3.747 Thread 0x000001d25625be90 nmethod 2298 0x000001d2420ee810 code [0x000001d2420ee9a0, 0x000001d2420eea58]
Event: 3.747 Thread 0x000001d25625be90 2299       3       java.nio.ByteBuffer::arrayOffset (35 bytes)
Event: 3.747 Thread 0x000001d25625be90 nmethod 2299 0x000001d23af04590 code [0x000001d23af04760, 0x000001d23af04a58]
Event: 3.752 Thread 0x000001d25625be90 2300       3       java.util.Properties::getProperty (50 bytes)
Event: 3.752 Thread 0x000001d25625be90 nmethod 2300 0x000001d23af04b90 code [0x000001d23af04d60, 0x000001d23af052f8]
Event: 3.752 Thread 0x000001d25625be90 2301       3       java.util.Properties::saveConvert (434 bytes)
Event: 3.753 Thread 0x000001d25625be90 nmethod 2301 0x000001d23af05490 code [0x000001d23af05940, 0x000001d23af079c8]
Event: 3.762 Thread 0x000001d256259580 nmethod 2295 0x000001d2420eeb10 code [0x000001d2420eed20, 0x000001d2420f0280]
Event: 3.763 Thread 0x000001d2593becd0 nmethod 2296 0x000001d2420f0a10 code [0x000001d2420f0c20, 0x000001d2420f2100]
Event: 7.109 Thread 0x000001d25625be90 2302       1       java.util.concurrent.locks.AbstractQueuedSynchronizer::getState (5 bytes)
Event: 7.109 Thread 0x000001d25625be90 nmethod 2302 0x000001d2420f2890 code [0x000001d2420f2a20, 0x000001d2420f2ad8]
Event: 7.109 Thread 0x000001d25625be90 2303       1       java.util.concurrent.locks.AbstractOwnableSynchronizer::getExclusiveOwnerThread (5 bytes)
Event: 7.109 Thread 0x000001d25625be90 nmethod 2303 0x000001d2420f2b90 code [0x000001d2420f2d20, 0x000001d2420f2dd8]
Event: 7.109 Thread 0x000001d25625be90 2304       1       java.util.concurrent.locks.AbstractQueuedSynchronizer::setState (6 bytes)
Event: 7.110 Thread 0x000001d25625be90 nmethod 2304 0x000001d2420f2e90 code [0x000001d2420f3020, 0x000001d2420f30d8]

GC Heap History (8 events):
Event: 0.714 GC heap before
{Heap before GC invocations=0 (full 0):
 garbage-first heap   total 262144K, used 20480K [0x0000000701a00000, 0x0000000800000000)
  region size 2048K, 11 young (22528K), 0 survivors (0K)
 Metaspace       used 12309K, capacity 12479K, committed 12672K, reserved 1060864K
  class space    used 1104K, capacity 1152K, committed 1152K, reserved 1048576K
}
Event: 0.718 GC heap after
{Heap after GC invocations=1 (full 0):
 garbage-first heap   total 262144K, used 6290K [0x0000000701a00000, 0x0000000800000000)
  region size 2048K, 2 young (4096K), 2 survivors (4096K)
 Metaspace       used 12309K, capacity 12479K, committed 12672K, reserved 1060864K
  class space    used 1104K, capacity 1152K, committed 1152K, reserved 1048576K
}
Event: 1.042 GC heap before
{Heap before GC invocations=1 (full 0):
 garbage-first heap   total 262144K, used 30866K [0x0000000701a00000, 0x0000000800000000)
  region size 2048K, 14 young (28672K), 2 survivors (4096K)
 Metaspace       used 16214K, capacity 16410K, committed 16512K, reserved 1064960K
  class space    used 1580K, capacity 1626K, committed 1664K, reserved 1048576K
}
Event: 1.046 GC heap after
{Heap after GC invocations=2 (full 0):
 garbage-first heap   total 262144K, used 7727K [0x0000000701a00000, 0x0000000800000000)
  region size 2048K, 1 young (2048K), 1 survivors (2048K)
 Metaspace       used 16214K, capacity 16410K, committed 16512K, reserved 1064960K
  class space    used 1580K, capacity 1626K, committed 1664K, reserved 1048576K
}
Event: 1.383 GC heap before
{Heap before GC invocations=2 (full 0):
 garbage-first heap   total 262144K, used 50735K [0x0000000701a00000, 0x0000000800000000)
  region size 2048K, 23 young (47104K), 1 survivors (2048K)
 Metaspace       used 20971K, capacity 21199K, committed 21296K, reserved 1069056K
  class space    used 2082K, capacity 2157K, committed 2176K, reserved 1048576K
}
Event: 1.385 GC heap after
{Heap after GC invocations=3 (full 0):
 garbage-first heap   total 262144K, used 8174K [0x0000000701a00000, 0x0000000800000000)
  region size 2048K, 1 young (2048K), 1 survivors (2048K)
 Metaspace       used 20971K, capacity 21199K, committed 21296K, reserved 1069056K
  class space    used 2082K, capacity 2157K, committed 2176K, reserved 1048576K
}
Event: 1.761 GC heap before
{Heap before GC invocations=4 (full 0):
 garbage-first heap   total 40960K, used 30702K [0x0000000701a00000, 0x0000000800000000)
  region size 2048K, 12 young (24576K), 1 survivors (2048K)
 Metaspace       used 24924K, capacity 25139K, committed 25392K, reserved 1073152K
  class space    used 2519K, capacity 2592K, committed 2688K, reserved 1048576K
}
Event: 1.765 GC heap after
{Heap after GC invocations=5 (full 0):
 garbage-first heap   total 40960K, used 9846K [0x0000000701a00000, 0x0000000800000000)
  region size 2048K, 2 young (4096K), 2 survivors (4096K)
 Metaspace       used 24924K, capacity 25139K, committed 25392K, reserved 1073152K
  class space    used 2519K, capacity 2592K, committed 2688K, reserved 1048576K
}

Deoptimization events (20 events):
Event: 2.091 Thread 0x000001d236ac5350 DEOPT PACKING pc=0x000001d23aed82cc sp=0x000000c0ed6fa940
Event: 2.091 Thread 0x000001d236ac5350 DEOPT UNPACKING pc=0x000001d23a51e23f sp=0x000000c0ed6f9d80 mode 0
Event: 2.091 Thread 0x000001d236ac5350 DEOPT PACKING pc=0x000001d23aed82cc sp=0x000000c0ed6fa940
Event: 2.091 Thread 0x000001d236ac5350 DEOPT UNPACKING pc=0x000001d23a51e23f sp=0x000000c0ed6f9d80 mode 0
Event: 2.096 Thread 0x000001d236ac5350 DEOPT PACKING pc=0x000001d23aed82cc sp=0x000000c0ed6fa8a0
Event: 2.096 Thread 0x000001d236ac5350 DEOPT UNPACKING pc=0x000001d23a51e23f sp=0x000000c0ed6f9ce0 mode 0
Event: 2.096 Thread 0x000001d236ac5350 DEOPT PACKING pc=0x000001d23aed82cc sp=0x000000c0ed6fa8a0
Event: 2.096 Thread 0x000001d236ac5350 DEOPT UNPACKING pc=0x000001d23a51e23f sp=0x000000c0ed6f9ce0 mode 0
Event: 2.096 Thread 0x000001d236ac5350 DEOPT PACKING pc=0x000001d23aed82cc sp=0x000000c0ed6fa8a0
Event: 2.096 Thread 0x000001d236ac5350 DEOPT UNPACKING pc=0x000001d23a51e23f sp=0x000000c0ed6f9ce0 mode 0
Event: 2.096 Thread 0x000001d236ac5350 DEOPT PACKING pc=0x000001d23aed82cc sp=0x000000c0ed6fa8a0
Event: 2.096 Thread 0x000001d236ac5350 DEOPT UNPACKING pc=0x000001d23a51e23f sp=0x000000c0ed6f9ce0 mode 0
Event: 2.096 Thread 0x000001d236ac5350 DEOPT PACKING pc=0x000001d23aed82cc sp=0x000000c0ed6fa8a0
Event: 2.096 Thread 0x000001d236ac5350 DEOPT UNPACKING pc=0x000001d23a51e23f sp=0x000000c0ed6f9ce0 mode 0
Event: 2.096 Thread 0x000001d236ac5350 DEOPT PACKING pc=0x000001d23aed82cc sp=0x000000c0ed6fa8a0
Event: 2.096 Thread 0x000001d236ac5350 DEOPT UNPACKING pc=0x000001d23a51e23f sp=0x000000c0ed6f9ce0 mode 0
Event: 2.096 Thread 0x000001d236ac5350 DEOPT PACKING pc=0x000001d23aed82cc sp=0x000000c0ed6fa8a0
Event: 2.096 Thread 0x000001d236ac5350 DEOPT UNPACKING pc=0x000001d23a51e23f sp=0x000000c0ed6f9ce0 mode 0
Event: 2.096 Thread 0x000001d236ac5350 DEOPT PACKING pc=0x000001d23aed82cc sp=0x000000c0ed6fa8a0
Event: 2.096 Thread 0x000001d236ac5350 DEOPT UNPACKING pc=0x000001d23a51e23f sp=0x000000c0ed6f9ce0 mode 0

Classes unloaded (0 events):
No events

Classes redefined (2 events):
Event: 75.848 Thread 0x000001d25620ff90 redefined class name=itc.hoseo.springproject.NaverMapParser, count=1
Event: 81.901 Thread 0x000001d25620ff90 redefined class name=itc.hoseo.springproject.NaverMapParser, count=2

Internal exceptions (20 events):
Event: 0.994 Thread 0x000001d236ac5350 Exception <a 'java/lang/ClassNotFoundException'{0x00000007105abcb8}: javax/smartcardio/CardPermission> (0x00000007105abcb8) 
thrown [./open/src/hotspot/share/classfile/systemDictionary.cpp, line 295]
Event: 0.997 Thread 0x000001d236ac5350 Exception <a 'java/io/FileNotFoundException'{0x00000007105bd2c0}> (0x00000007105bd2c0) 
thrown [./open/src/hotspot/share/prims/jni.cpp, line 578]
Event: 1.057 Thread 0x000001d236ac5350 Exception <a 'java/lang/NoSuchMethodError'{0x00000007118c3020}: 'int java.lang.invoke.DirectMethodHandle$Holder.invokeInterface(java.lang.Object, java.lang.Object)'> (0x00000007118c3020) 
thrown [./open/src/hotspot/share/interpreter/linkResolver.cpp, line 782]
Event: 1.063 Thread 0x000001d236ac5350 Implicit null exception at 0x000001d242022776 to 0x000001d2420228ac
Event: 1.083 Thread 0x000001d236ac5350 Exception <a 'java/lang/NoSuchMethodError'{0x00000007117c6b60}: 'java.lang.Object java.lang.invoke.DirectMethodHandle$Holder.invokeStaticInit(java.lang.Object, java.lang.Object, java.lang.Object, java.lang.Object, java.lang.Object)'> (0x00000007117c6b60) 
thrown [./open/src/hotspot/share/interpreter/linkResolver.cpp, line 782]
Event: 1.327 Thread 0x000001d236ac5350 Exception <a 'java/lang/NoSuchMethodError'{0x000000070f0f55d0}: 'int java.lang.invoke.DirectMethodHandle$Holder.invokeStaticInit(java.lang.Object, java.lang.Object)'> (0x000000070f0f55d0) 
thrown [./open/src/hotspot/share/interpreter/linkResolver.cpp, line 782]
Event: 1.398 Thread 0x000001d236ac5350 Exception <a 'java/lang/NoSuchMethodError'{0x000000071185c280}: 'long java.lang.invoke.DirectMethodHandle$Holder.invokeSpecial(java.lang.Object, java.lang.Object)'> (0x000000071185c280) 
thrown [./open/src/hotspot/share/interpreter/linkResolver.cpp, line 782]
Event: 1.400 Thread 0x000001d236ac5350 Exception <a 'java/lang/NoSuchMethodError'{0x00000007118682c8}: 'long java.lang.invoke.DirectMethodHandle$Holder.invokeStatic(java.lang.Object, java.lang.Object)'> (0x00000007118682c8) 
thrown [./open/src/hotspot/share/interpreter/linkResolver.cpp, line 782]
Event: 1.401 Thread 0x000001d236ac5350 Exception <a 'java/lang/NoSuchMethodError'{0x000000071186bff8}: 'long java.lang.invoke.DirectMethodHandle$Holder.invokeStaticInit(java.lang.Object, java.lang.Object)'> (0x000000071186bff8) 
thrown [./open/src/hotspot/share/interpreter/linkResolver.cpp, line 782]
Event: 1.402 Thread 0x000001d236ac5350 Exception <a 'java/lang/NoSuchMethodError'{0x000000071187aa00}: 'long java.lang.invoke.DirectMethodHandle$Holder.invokeInterface(java.lang.Object, java.lang.Object)'> (0x000000071187aa00) 
thrown [./open/src/hotspot/share/interpreter/linkResolver.cpp, line 782]
Event: 1.403 Thread 0x000001d236ac5350 Exception <a 'java/lang/IncompatibleClassChangeError'{0x000000071187e6b0}: Found class java.lang.Object, but interface was expected> (0x000000071187e6b0) 
thrown [./open/src/hotspot/share/interpreter/linkResolver.cpp, line 848]
Event: 1.418 Thread 0x000001d236ac5350 Exception <a 'java/lang/NoSuchMethodError'{0x00000007119ab860}: 'java.lang.Object java.lang.invoke.DirectMethodHandle$Holder.invokeVirtual(java.lang.Object, java.lang.Object, java.lang.Object, java.lang.Object)'> (0x00000007119ab860) 
thrown [./open/src/hotspot/share/interpreter/linkResolver.cpp, line 782]
Event: 1.478 Thread 0x000001d236ac5350 Exception <a 'java/lang/NoSuchMethodError'{0x0000000703bec318}: 'java.lang.Object java.lang.invoke.DirectMethodHandle$Holder.invokeStaticInit(java.lang.Object, int, int, int, int)'> (0x0000000703bec318) 
thrown [./open/src/hotspot/share/interpreter/linkResolver.cpp, line 782]
Event: 1.479 Thread 0x000001d236ac5350 Exception <a 'sun/nio/fs/WindowsException'{0x0000000703bf4c90}> (0x0000000703bf4c90) 
thrown [./open/src/hotspot/share/prims/jni.cpp, line 578]
Event: 1.490 Thread 0x000001d236ac5350 Exception <a 'java/lang/NoSuchMethodError'{0x000000070383a438}: 'int java.lang.invoke.DirectMethodHandle$Holder.invokeStaticInit(java.lang.Object, java.lang.Object, java.lang.Object, java.lang.Object)'> (0x000000070383a438) 
thrown [./open/src/hotspot/share/interpreter/linkResolver.cpp, line 782]
Event: 1.490 Thread 0x000001d236ac5350 Exception <a 'java/lang/IncompatibleClassChangeError'{0x00000007038443c8}: Found class java.lang.Object, but interface was expected> (0x00000007038443c8) 
thrown [./open/src/hotspot/share/interpreter/linkResolver.cpp, line 848]
Event: 1.666 Thread 0x000001d236ac5350 Exception <a 'java/lang/NoSuchMethodError'{0x0000000703106fd8}: 'java.lang.Object java.lang.invoke.DirectMethodHandle$Holder.invokeStaticInit(java.lang.Object, java.lang.Object, int, int, int, int)'> (0x0000000703106fd8) 
thrown [./open/src/hotspot/share/interpreter/linkResolver.cpp, line 782]
Event: 1.677 Thread 0x000001d236ac5350 Exception <a 'java/lang/NoSuchMethodError'{0x0000000703193648}: 'org.slf4j.impl.StaticMDCBinder org.slf4j.impl.StaticMDCBinder.getSingleton()'> (0x0000000703193648) 
thrown [./open/src/hotspot/share/interpreter/linkResolver.cpp, line 782]
Event: 1.692 Thread 0x000001d236ac5350 Exception <a 'java/lang/NoSuchMethodError'{0x0000000702ed9558}: 'void java.lang.invoke.DirectMethodHandle$Holder.invokeVirtual(java.lang.Object, java.lang.Object, java.lang.Object, java.lang.Object)'> (0x0000000702ed9558) 
thrown [./open/src/hotspot/share/interpreter/linkResolver.cpp, line 782]
Event: 1.695 Thread 0x000001d236ac5350 Exception <a 'java/lang/NoSuchMethodError'{0x0000000702f0d218}: 'void java.lang.invoke.DirectMethodHandle$Holder.invokeStatic(java.lang.Object, java.lang.Object, java.lang.Object, java.lang.Object, java.lang.Object, java.lang.Object)'> (0x0000000702f0d218) 
thrown [./open/src/hotspot/share/interpreter/linkResolver.cpp, line 782]

Events (20 events):
Event: 82.197 Executing VM operation: get/set locals
Event: 82.197 Executing VM operation: get/set locals done
Event: 82.197 Executing VM operation: get/set locals
Event: 82.197 Executing VM operation: get/set locals done
Event: 82.197 Executing VM operation: get/set locals
Event: 82.197 Executing VM operation: get/set locals done
Event: 82.198 Executing VM operation: get/set locals
Event: 82.198 Executing VM operation: get/set locals done
Event: 82.198 Executing VM operation: get/set locals
Event: 82.198 Executing VM operation: get/set locals done
Event: 82.204 Executing VM operation: GetFrameCount
Event: 82.204 Executing VM operation: GetFrameCount done
Event: 82.221 Executing VM operation: GetFrameCount
Event: 82.221 Executing VM operation: GetFrameCount done
Event: 82.229 Executing VM operation: GetFrameLocation
Event: 82.229 Executing VM operation: GetFrameLocation done
Event: 82.230 Executing VM operation: get/set locals
Event: 82.230 Executing VM operation: get/set locals done
Event: 82.230 Executing VM operation: GetFrameLocation
Event: 82.230 Executing VM operation: GetFrameLocation done


Dynamic libraries:
0x00007ff7ce8b0000 - 0x00007ff7ce8bd000 	D:\spring-tool-suite\sts-4.9.0.RELEASE\plugins\org.eclipse.justj.openjdk.hotspot.jre.full.win32.x86_64_15.0.1.v20201027-0507\jre\bin\javaw.exe
0x00007ff821010000 - 0x00007ff821205000 	C:\WINDOWS\SYSTEM32\ntdll.dll
0x00007ff820a10000 - 0x00007ff820acd000 	C:\WINDOWS\System32\KERNEL32.DLL
0x00007ff81eb20000 - 0x00007ff81ede8000 	C:\WINDOWS\System32\KERNELBASE.dll
0x00007ff81e860000 - 0x00007ff81e960000 	C:\WINDOWS\System32\ucrtbase.dll
0x00007ffff4a20000 - 0x00007ffff4a38000 	D:\spring-tool-suite\sts-4.9.0.RELEASE\plugins\org.eclipse.justj.openjdk.hotspot.jre.full.win32.x86_64_15.0.1.v20201027-0507\jre\bin\jli.dll
0x00007ff8001d0000 - 0x00007ff8001e9000 	D:\spring-tool-suite\sts-4.9.0.RELEASE\plugins\org.eclipse.justj.openjdk.hotspot.jre.full.win32.x86_64_15.0.1.v20201027-0507\jre\bin\VCRUNTIME140.dll
0x00007ff820ba0000 - 0x00007ff820d40000 	C:\WINDOWS\System32\USER32.dll
0x00007ff81efc0000 - 0x00007ff81efe2000 	C:\WINDOWS\System32\win32u.dll
0x00007ff81f070000 - 0x00007ff81f09a000 	C:\WINDOWS\System32\GDI32.dll
0x00007ff81e750000 - 0x00007ff81e85b000 	C:\WINDOWS\System32\gdi32full.dll
0x00007ff81edf0000 - 0x00007ff81ee8d000 	C:\WINDOWS\System32\msvcp_win.dll
0x00007ff8124b0000 - 0x00007ff81274a000 	C:\WINDOWS\WinSxS\amd64_microsoft.windows.common-controls_6595b64144ccf1df_6.0.19041.844_none_ca00b6081b84eb1d\COMCTL32.dll
0x00007ff81f930000 - 0x00007ff81f9ce000 	C:\WINDOWS\System32\msvcrt.dll
0x00007ff8200f0000 - 0x00007ff820120000 	C:\WINDOWS\System32\IMM32.DLL
0x00007ffffd280000 - 0x00007ffffd28c000 	D:\spring-tool-suite\sts-4.9.0.RELEASE\plugins\org.eclipse.justj.openjdk.hotspot.jre.full.win32.x86_64_15.0.1.v20201027-0507\jre\bin\vcruntime140_1.dll
0x00007fffe5290000 - 0x00007fffe5321000 	D:\spring-tool-suite\sts-4.9.0.RELEASE\plugins\org.eclipse.justj.openjdk.hotspot.jre.full.win32.x86_64_15.0.1.v20201027-0507\jre\bin\msvcp140.dll
0x00007fffdb1d0000 - 0x00007fffdbd2e000 	D:\spring-tool-suite\sts-4.9.0.RELEASE\plugins\org.eclipse.justj.openjdk.hotspot.jre.full.win32.x86_64_15.0.1.v20201027-0507\jre\bin\server\jvm.dll
0x00007ff820630000 - 0x00007ff8206dc000 	C:\WINDOWS\System32\ADVAPI32.dll
0x00007ff81fb80000 - 0x00007ff81fc1b000 	C:\WINDOWS\System32\sechost.dll
0x00007ff820750000 - 0x00007ff82087b000 	C:\WINDOWS\System32\RPCRT4.dll
0x00007ff81f0a0000 - 0x00007ff81f0a8000 	C:\WINDOWS\System32\PSAPI.DLL
0x00007ff80fd70000 - 0x00007ff80fd79000 	C:\WINDOWS\SYSTEM32\WSOCK32.dll
0x00007ff816e10000 - 0x00007ff816e37000 	C:\WINDOWS\SYSTEM32\WINMM.dll
0x00007ff820d60000 - 0x00007ff820dcb000 	C:\WINDOWS\System32\WS2_32.dll
0x00007ff81c740000 - 0x00007ff81c74a000 	C:\WINDOWS\SYSTEM32\VERSION.dll
0x00007ff81cfe0000 - 0x00007ff81cff2000 	C:\WINDOWS\SYSTEM32\kernel.appcore.dll
0x00007ff81bd40000 - 0x00007ff81bd4a000 	D:\spring-tool-suite\sts-4.9.0.RELEASE\plugins\org.eclipse.justj.openjdk.hotspot.jre.full.win32.x86_64_15.0.1.v20201027-0507\jre\bin\jimage.dll
0x00007ff80e720000 - 0x00007ff80e904000 	C:\WINDOWS\SYSTEM32\DBGHELP.DLL
0x00007ff80e6f0000 - 0x00007ff80e71c000 	C:\WINDOWS\SYSTEM32\dbgcore.DLL
0x00007ff81eff0000 - 0x00007ff81f070000 	C:\WINDOWS\System32\bcryptPrimitives.dll
0x00007ff81a150000 - 0x00007ff81a189000 	D:\spring-tool-suite\sts-4.9.0.RELEASE\plugins\org.eclipse.justj.openjdk.hotspot.jre.full.win32.x86_64_15.0.1.v20201027-0507\jre\bin\jdwp.dll
0x00007ffff5f80000 - 0x00007ffff5f8e000 	D:\spring-tool-suite\sts-4.9.0.RELEASE\plugins\org.eclipse.justj.openjdk.hotspot.jre.full.win32.x86_64_15.0.1.v20201027-0507\jre\bin\instrument.dll
0x00007ffff37d0000 - 0x00007ffff37f5000 	D:\spring-tool-suite\sts-4.9.0.RELEASE\plugins\org.eclipse.justj.openjdk.hotspot.jre.full.win32.x86_64_15.0.1.v20201027-0507\jre\bin\java.dll
0x00007ffff4430000 - 0x00007ffff4448000 	D:\spring-tool-suite\sts-4.9.0.RELEASE\plugins\org.eclipse.justj.openjdk.hotspot.jre.full.win32.x86_64_15.0.1.v20201027-0507\jre\bin\zip.dll
0x00007ff81f1e0000 - 0x00007ff81f922000 	C:\WINDOWS\System32\SHELL32.dll
0x00007ff81c840000 - 0x00007ff81cfd0000 	C:\WINDOWS\SYSTEM32\windows.storage.dll
0x00007ff820120000 - 0x00007ff820475000 	C:\WINDOWS\System32\combase.dll
0x00007ff81e080000 - 0x00007ff81e0ac000 	C:\WINDOWS\SYSTEM32\Wldp.dll
0x00007ff81f0b0000 - 0x00007ff81f15e000 	C:\WINDOWS\System32\SHCORE.dll
0x00007ff81fc20000 - 0x00007ff81fc75000 	C:\WINDOWS\System32\shlwapi.dll
0x00007ff81e690000 - 0x00007ff81e6af000 	C:\WINDOWS\SYSTEM32\profapi.dll
0x00007ff81a140000 - 0x00007ff81a14b000 	D:\spring-tool-suite\sts-4.9.0.RELEASE\plugins\org.eclipse.justj.openjdk.hotspot.jre.full.win32.x86_64_15.0.1.v20201027-0507\jre\bin\dt_socket.dll
0x00007ff81db10000 - 0x00007ff81db4b000 	C:\WINDOWS\SYSTEM32\IPHLPAPI.DLL
0x00007ff81de00000 - 0x00007ff81de6a000 	C:\WINDOWS\system32\mswsock.dll
0x00007ff81db50000 - 0x00007ff81dc1c000 	C:\WINDOWS\SYSTEM32\DNSAPI.dll
0x00007ff820f60000 - 0x00007ff820f68000 	C:\WINDOWS\System32\NSI.dll
0x00007ff815b90000 - 0x00007ff815b9a000 	C:\Windows\System32\rasadhlp.dll
0x00007ff815bb0000 - 0x00007ff815c2f000 	C:\WINDOWS\System32\fwpuclnt.dll
0x00007ff81ee90000 - 0x00007ff81eeb7000 	C:\WINDOWS\System32\bcrypt.dll
0x00007ffff4260000 - 0x00007ffff4279000 	D:\spring-tool-suite\sts-4.9.0.RELEASE\plugins\org.eclipse.justj.openjdk.hotspot.jre.full.win32.x86_64_15.0.1.v20201027-0507\jre\bin\net.dll
0x00007ff817930000 - 0x00007ff817a3b000 	C:\WINDOWS\SYSTEM32\WINHTTP.dll
0x00007ffff3ef0000 - 0x00007ffff3f02000 	D:\spring-tool-suite\sts-4.9.0.RELEASE\plugins\org.eclipse.justj.openjdk.hotspot.jre.full.win32.x86_64_15.0.1.v20201027-0507\jre\bin\nio.dll
0x00007ffff4110000 - 0x00007ffff4120000 	D:\spring-tool-suite\sts-4.9.0.RELEASE\plugins\org.eclipse.justj.openjdk.hotspot.jre.full.win32.x86_64_15.0.1.v20201027-0507\jre\bin\verify.dll
0x00007ff8187d0000 - 0x00007ff8187e7000 	C:\WINDOWS\SYSTEM32\dhcpcsvc6.DLL
0x00007ff818580000 - 0x00007ff81859d000 	C:\WINDOWS\SYSTEM32\dhcpcsvc.DLL
0x00007ff81e130000 - 0x00007ff81e148000 	C:\WINDOWS\SYSTEM32\CRYPTSP.dll
0x00007ff81d7c0000 - 0x00007ff81d7f4000 	C:\WINDOWS\system32\rsaenh.dll
0x00007ff81e650000 - 0x00007ff81e67e000 	C:\WINDOWS\SYSTEM32\USERENV.dll
0x00007ff81dfe0000 - 0x00007ff81dfec000 	C:\WINDOWS\SYSTEM32\CRYPTBASE.dll
0x00007ff81a2c0000 - 0x00007ff81a2cd000 	D:\spring-tool-suite\sts-4.9.0.RELEASE\plugins\org.eclipse.justj.openjdk.hotspot.jre.full.win32.x86_64_15.0.1.v20201027-0507\jre\bin\sunmscapi.dll
0x00007ff81e9c0000 - 0x00007ff81eb1f000 	C:\WINDOWS\System32\CRYPT32.dll
0x00007ff81e230000 - 0x00007ff81e257000 	C:\WINDOWS\SYSTEM32\ncrypt.dll
0x00007ff81e1f0000 - 0x00007ff81e22b000 	C:\WINDOWS\SYSTEM32\NTASN1.dll

dbghelp: loaded successfully - version: 4.0.5 - missing functions: none
symbol engine: initialized successfully - sym options: 0x614 - pdb path: .;D:\spring-tool-suite\sts-4.9.0.RELEASE\plugins\org.eclipse.justj.openjdk.hotspot.jre.full.win32.x86_64_15.0.1.v20201027-0507\jre\bin;C:\WINDOWS\SYSTEM32;C:\WINDOWS\WinSxS\amd64_microsoft.windows.common-controls_6595b64144ccf1df_6.0.19041.844_none_ca00b6081b84eb1d;D:\spring-tool-suite\sts-4.9.0.RELEASE\plugins\org.eclipse.justj.openjdk.hotspot.jre.full.win32.x86_64_15.0.1.v20201027-0507\jre\bin\server

VM Arguments:
jvm_args: -XX:+ShowCodeDetailsInExceptionMessages -agentlib:jdwp=transport=dt_socket,suspend=y,address=localhost:50450 -ea -javaagent:D:\spring-tool-suite\sts-4.9.0.RELEASE\configuration\org.eclipse.osgi\252\0\.cp\lib\javaagent-shaded.jar -Dfile.encoding=UTF-8 
java_command: org.eclipse.jdt.internal.junit.runner.RemoteTestRunner -version 3 -port 50449 -testLoaderClass org.eclipse.jdt.internal.junit5.runner.JUnit5TestLoader -loaderpluginname org.eclipse.jdt.junit5.runtime -classNames itc.hoseo.springproject.NaverMapParser
java_class_path (initial): C:\Users\PRO39\git\E\2021-springproject-2\2021-springproject-2\target\test-classes;C:\Users\PRO39\git\E\2021-springproject-2\2021-springproject-2\target\classes;C:\Users\PRO39\.m2\repository\org\springframework\boot\spring-boot-starter-jdbc\2.4.3\spring-boot-starter-jdbc-2.4.3.jar;C:\Users\PRO39\.m2\repository\org\springframework\boot\spring-boot-starter\2.4.3\spring-boot-starter-2.4.3.jar;C:\Users\PRO39\.m2\repository\org\springframework\boot\spring-boot-starter-logging\2.4.3\spring-boot-starter-logging-2.4.3.jar;C:\Users\PRO39\.m2\repository\ch\qos\logback\logback-classic\1.2.3\logback-classic-1.2.3.jar;C:\Users\PRO39\.m2\repository\ch\qos\logback\logback-core\1.2.3\logback-core-1.2.3.jar;C:\Users\PRO39\.m2\repository\org\apache\logging\log4j\log4j-to-slf4j\2.13.3\log4j-to-slf4j-2.13.3.jar;C:\Users\PRO39\.m2\repository\org\apache\logging\log4j\log4j-api\2.13.3\log4j-api-2.13.3.jar;C:\Users\PRO39\.m2\repository\org\slf4j\jul-to-slf4j\1.7.30\jul-to-slf4j-1.7.30.jar;C:\Users\PRO39\.m2\repository\jakarta\annotation\jakarta.annotation-api\1.3.5\jakarta.annotation-api-1.3.5.jar;C:\Users\PRO39\.m2\repository\org\yaml\snakeyaml\1.27\snakeyaml-1.27.jar;C:\Users\PRO39\.m2\repository\com\zaxxer\HikariCP\3.4.5\HikariCP-3.4.5.jar;C:\Users\PRO39\.m2\repository\org\slf4j\slf4j-api\1.7.30\slf4j-api-1.7.30.jar;C:\Users\PRO39\.m2\repository\org\springframework\spring-jdbc\5.3.4\spring-jdbc-5.3.4.jar;C:\Users\PRO39\.m2\repository\org\springframework\spring-beans\5.3.4\spring-beans-5.3.4.jar;C:\Users\PRO39\.m2\repository\org\springframework\spring-tx\5.3.4\spring-tx-5.3.4.jar;C:\Users\PRO39\.m2\repository\org\springframework\boot\spring-boot-starter-thymeleaf\2.4.3\spring-boot-starter-thymeleaf-2.4.3.jar;C:\Users\PRO39\.m2\repository\org\thymeleaf\thymeleaf-spring5\3.0.12.RELEASE\thymeleaf-spring5-3.0.12.RELEASE.jar;C:\Users\PRO39\.m2\repository\org\thymeleaf\thymeleaf\3.0.12.RELEASE\thymeleaf-3.0.12.RELEASE.jar;C:\Users\PRO39\.m2\repository\org\attoparse
Launcher Type: SUN_STANDARD

[Global flags]
     intx CICompilerCount                          = 4                                         {product} {ergonomic}
     uint ConcGCThreads                            = 2                                         {product} {ergonomic}
     uint G1ConcRefinementThreads                  = 8                                         {product} {ergonomic}
   size_t G1HeapRegionSize                         = 2097152                                   {product} {ergonomic}
    uintx GCDrainStackTargetSize                   = 64                                        {product} {ergonomic}
   size_t InitialHeapSize                          = 268435456                                 {product} {ergonomic}
   size_t MarkStackSize                            = 4194304                                   {product} {ergonomic}
   size_t MaxHeapSize                              = 4267704320                                {product} {ergonomic}
   size_t MaxNewSize                               = 2560622592                                {product} {ergonomic}
   size_t MinHeapDeltaBytes                        = 2097152                                   {product} {ergonomic}
   size_t MinHeapSize                              = 8388608                                   {product} {ergonomic}
    uintx NonNMethodCodeHeapSize                   = 5839372                                {pd product} {ergonomic}
    uintx NonProfiledCodeHeapSize                  = 122909434                              {pd product} {ergonomic}
    uintx ProfiledCodeHeapSize                     = 122909434                              {pd product} {ergonomic}
    uintx ReservedCodeCacheSize                    = 251658240                              {pd product} {ergonomic}
     bool SegmentedCodeCache                       = true                                      {product} {ergonomic}
     bool ShowCodeDetailsInExceptionMessages       = true                                   {manageable} {command line}
   size_t SoftMaxHeapSize                          = 4267704320                             {manageable} {ergonomic}
     bool UseCompressedClassPointers               = true                                 {lp64_product} {ergonomic}
     bool UseCompressedOops                        = true                                 {lp64_product} {ergonomic}
     bool UseG1GC                                  = true                                      {product} {ergonomic}
     bool UseLargePagesIndividualAllocation        = false                                  {pd product} {ergonomic}

Logging:
Log output configuration:
 #0: stdout all=warning uptime,level,tags
 #1: stderr all=off uptime,level,tags

Environment Variables:
JAVA_HOME=C:\Program Files\Java\jdk-15.0.2\bin
CLASSPATH=C:\Program Files\Java\jdk1.8.0_171\lib\tools.jar;?D:\Tomcat8.0\lib\servlet-api.jar;C:\Program Files\Java\jdk-15.0.2\bin\lib;
PATH=D:\spring-tool-suite\sts-4.9.0.RELEASE\plugins\org.eclipse.justj.openjdk.hotspot.jre.full.win32.x86_64_15.0.1.v20201027-0507\jre\bin;D:/spring-tool-suite/sts-4.9.0.RELEASE//plugins/org.eclipse.justj.openjdk.hotspot.jre.full.win32.x86_64_15.0.1.v20201027-0507/jre/bin/server;D:/spring-tool-suite/sts-4.9.0.RELEASE//plugins/org.eclipse.justj.openjdk.hotspot.jre.full.win32.x86_64_15.0.1.v20201027-0507/jre/bin;D:\2021_STUDYING\TT\WINDOWS.X64_193000_db_home\bin;D:\2021_STUDYING\Data\WINDOWS.X64_193000_db_home\bin;D:\2021_STUDYING\ORACLE\WINDOWS.X64_193000_db_home\bin;D:\2021_STUDYING\DB\Fin\WINDOWS.X64_193000_db_home\bin;D:\2021_STUDYING\DB\ORA\WINDOWS.X64_193000_db_home\bin;D:\2021_STUDYING\DB\oracle\WINDOWS.X64_193000_db_home\bin;C:\Program Files (x86)\VMware\VMware Player\bin\;C:\Program Files\Common Files\Oracle\Java\javapath;C:\Program Files (x86)\Common Files\Oracle\Java\javapath;C:\Program Files\Java\jdk1.8.0_171\bin;"c:\and\apache-ant\bin;";C:\Program Files (x86)\Intel\iCLS Client\;C:\Program Files\Intel\iCLS Client\;C:\Windows\system32;"%ANDROID_HOME%tools;"%ANDROID_HOME%platform-tools;"%ANDROID_HOME%build-tools;C:\Windows;C:\Windows\System32\Wbem;C:\Windows\System32\WindowsPowerShell\v1.0\;C:\Program Files (x86)\Intel\Intel(R) Management Engine Components\DAL;C:\Program Files\Intel\Intel(R) Management Engine Components\DAL;C:\Program Files (x86)\Intel\Intel(R) Management Engine Components\IPT;C:\Program Files\Intel\Intel(R) Management Engine Components\IPT;C:\Program Files (x86)\NVIDIA Corporation\PhysX\Common;C:\WINDOWS\system32;C:\WINDOWS;C:\WINDOWS\System32\Wbem;C:\WINDOWS\System32\WindowsPowerShell\v1.0\;C:\WINDOWS\System32\OpenSSH\;C:\Program Files\PuTTY\;C:\Program Files\Intel\WiFi\bin\;C:\Program Files\Common Files\Intel\WirelessCommon\;C:\Program Files\Git\cmd;C:\ProgramData\chocolatey\bin;C:\Program Files\nodejs\;"D:\tomcat8.0\bin;";C:\Program Files\MySQL\MySQL Server 5.7\bin;C:\Users\PRO39\AppData\Local\Programs\Python\Python36-32\Scripts\;C:\Users\PR
USERNAME=PRO39
OS=Windows_NT
PROCESSOR_IDENTIFIER=Intel64 Family 6 Model 158 Stepping 9, GenuineIntel



---------------  S Y S T E M  ---------------

OS:
 Windows 10 , 64 bit Build 19041 (10.0.19041.928)
OS uptime: 0 days 2:30 hours
HyperV virtualization detected

CPU: total 8 (initial active 8) (4 cores per cpu, 2 threads per core) family 6 model 158 stepping 9 microcode 0xde, cmov, cx8, fxsr, mmx, sse, sse2, sse3, ssse3, sse4.1, sse4.2, popcnt, vzeroupper, avx, avx2, aes, clmul, erms, rtm, 3dnowpref, lzcnt, ht, tsc, tscinvbit, bmi1, bmi2, adx, fma, clflush, clflushopt

Memory: 4k page, system-wide physical 16272M (9918M free)
TotalPageFile size 18704M (AvailPageFile size 9597M)
current process WorkingSet (physical memory assigned to process): 118M, peak: 211M
current process commit charge ("private bytes"): 156M, peak: 444M

vm_info: OpenJDK 64-Bit Server VM (15.0.1+9-18) for windows-amd64 JRE (15.0.1+9-18), built on Sep 15 2020 14:39:31 by "mach5one" with unknown MS VC++:1925

END.
